<?xml version="1.0" encoding="UTF-8"?>
<!-- Generated by org.testng.reporters.JUnitXMLReporter -->
<testsuite hostname="LAPTOP-F3E4KIVG" name="Test" tests="2" failures="1" timestamp="2 Oct 2017 02:54:09 GMT" time="30.571" errors="0">
  <testcase name="login" time="3.465" classname="testCases.TC001_Login">
    <failure type="java.lang.RuntimeException" message="FAILED">
      <![CDATA[java.lang.RuntimeException: FAILED
	at utils.Reporter.reportStep(Reporter.java:31)
	at wrappers.GenericWrappers.verifyTextContainsByXpath(GenericWrappers.java:254)
	at pages.HomePage.verifyLoginName(HomePage.java:21)
	at testCases.TC001_Login.login(TC001_Login.java:30)
... Removed 24 stack frames]]>
    </failure>
  </testcase> <!-- login -->
  <testcase name="login" time="5.747" classname="testCases.TC001_Login"/>
</testsuite> <!-- Test -->
