<?xml version="1.0" encoding="UTF-8"?>
<!-- Generated by org.testng.reporters.JUnitXMLReporter -->
<testsuite hostname="LAPTOP-G66AQCG6" name="Test" tests="5" failures="0" timestamp="4 Jun 2020 09:48:20 GMT" time="0.074" errors="0">
  <testcase name="a" time="0.0" classname="testCases.annotaions">
    <skipped/>
  </testcase> <!-- a -->
  <testcase name="b" time="0.01" classname="testCases.annotaions2"/>
  <testcase name="c" time="0.014" classname="testCases.annotaions2"/>
  <testcase name="c" time="0.007" classname="testCases.annotaions"/>
  <testcase name="b" time="0.0" classname="testCases.annotaions">
    <skipped/>
  </testcase> <!-- b -->
</testsuite> <!-- Test -->
